{"/Users/karim/Workspace/TicTacToeAI/spec/test-server.js":{"path":"/Users/karim/Workspace/TicTacToeAI/spec/test-server.js","s":{"1":1,"2":1,"3":1,"4":1,"5":1,"6":1,"7":1,"8":1,"9":3,"10":3,"11":3,"12":1,"13":1,"14":1,"15":1,"16":1,"17":1,"18":1,"19":1,"20":1,"21":1},"b":{},"f":{"1":1,"2":1,"3":3,"4":1,"5":1,"6":1},"fnMap":{"1":{"name":"(anonymous_1)","line":1,"loc":{"start":{"line":1,"column":1},"end":{"line":1,"column":11}}},"2":{"name":"(anonymous_2)","line":7,"loc":{"start":{"line":7,"column":39},"end":{"line":7,"column":49}}},"3":{"name":"(anonymous_3)","line":11,"loc":{"start":{"line":11,"column":15},"end":{"line":11,"column":25}}},"4":{"name":"(anonymous_4)","line":17,"loc":{"start":{"line":17,"column":42},"end":{"line":17,"column":52}}},"5":{"name":"(anonymous_5)","line":22,"loc":{"start":{"line":22,"column":48},"end":{"line":22,"column":58}}},"6":{"name":"(anonymous_6)","line":26,"loc":{"start":{"line":26,"column":40},"end":{"line":26,"column":50}}}},"statementMap":{"1":{"start":{"line":1,"column":0},"end":{"line":35,"column":4}},"2":{"start":{"line":3,"column":2},"end":{"line":3,"column":29}},"3":{"start":{"line":4,"column":2},"end":{"line":4,"column":27}},"4":{"start":{"line":5,"column":2},"end":{"line":5,"column":46}},"5":{"start":{"line":7,"column":2},"end":{"line":33,"column":4}},"6":{"start":{"line":9,"column":4},"end":{"line":9,"column":24}},"7":{"start":{"line":10,"column":4},"end":{"line":10,"column":56}},"8":{"start":{"line":11,"column":4},"end":{"line":15,"column":6}},"9":{"start":{"line":12,"column":6},"end":{"line":12,"column":56}},"10":{"start":{"line":13,"column":6},"end":{"line":13,"column":51}},"11":{"start":{"line":14,"column":6},"end":{"line":14,"column":38}},"12":{"start":{"line":17,"column":4},"end":{"line":20,"column":6}},"13":{"start":{"line":18,"column":6},"end":{"line":18,"column":42}},"14":{"start":{"line":22,"column":4},"end":{"line":24,"column":6}},"15":{"start":{"line":23,"column":6},"end":{"line":23,"column":51}},"16":{"start":{"line":26,"column":4},"end":{"line":32,"column":6}},"17":{"start":{"line":27,"column":6},"end":{"line":27,"column":37}},"18":{"start":{"line":28,"column":6},"end":{"line":28,"column":27}},"19":{"start":{"line":29,"column":6},"end":{"line":29,"column":27}},"20":{"start":{"line":30,"column":6},"end":{"line":30,"column":43}},"21":{"start":{"line":31,"column":6},"end":{"line":31,"column":48}}},"branchMap":{}},"/Users/karim/Workspace/TicTacToeAI/src/tictactoe.js":{"path":"/Users/karim/Workspace/TicTacToeAI/src/tictactoe.js","s":{"1":1,"2":1,"3":1,"4":1,"5":9,"6":9,"7":1,"8":3,"9":3,"10":27,"11":27,"12":0,"13":1,"14":4,"15":0,"16":4,"17":4,"18":0,"19":1,"20":4,"21":4,"22":4,"23":4,"24":1,"25":17,"26":1,"27":4,"28":4,"29":0,"30":4,"31":0,"32":1,"33":13,"34":1,"35":4,"36":4,"37":4,"38":24,"39":4,"40":0,"41":0,"42":0,"43":1,"44":0,"45":0,"46":0,"47":0,"48":1,"49":1,"50":1,"51":3,"52":9,"53":9,"54":9,"55":4,"56":1,"57":1,"58":1,"59":3,"60":3,"61":1,"62":1,"63":1,"64":1,"65":1,"66":1,"67":1,"68":4,"69":4,"70":4,"71":4,"72":4,"73":4,"74":4,"75":1,"76":1,"77":4,"78":4,"79":4,"80":4,"81":4,"82":4,"83":4,"84":0,"85":0,"86":0,"87":0,"88":0,"89":0,"90":0,"91":0,"92":0,"93":0,"94":1,"95":4,"96":0,"97":4,"98":4,"99":0,"100":1,"101":4,"102":4,"103":1,"104":1,"105":0},"b":{"1":[27,0],"2":[0,4],"3":[4,0],"4":[0,4],"5":[0,0],"6":[4,20],"7":[24,12,8],"8":[0,0],"9":[0,0],"10":[4,5],"11":[4,0],"12":[4,0],"13":[4,0],"14":[0,0],"15":[0,4],"16":[4,4],"17":[4,0],"18":[1,0],"19":[1,1]},"f":{"1":1,"2":9,"3":3,"4":4,"5":4,"6":17,"7":4,"8":13,"9":4,"10":0,"11":1,"12":3,"13":3,"14":1,"15":4,"16":4,"17":4},"fnMap":{"1":{"name":"(anonymous_1)","line":1,"loc":{"start":{"line":1,"column":2},"end":{"line":1,"column":13}}},"2":{"name":"Location","line":11,"loc":{"start":{"line":11,"column":2},"end":{"line":11,"column":25}}},"3":{"name":"TicTacToeBoard","line":18,"loc":{"start":{"line":18,"column":2},"end":{"line":18,"column":32}}},"4":{"name":"(anonymous_4)","line":29,"loc":{"start":{"line":29,"column":44},"end":{"line":29,"column":58}}},"5":{"name":"(anonymous_5)","line":38,"loc":{"start":{"line":38,"column":34},"end":{"line":38,"column":44}}},"6":{"name":"(anonymous_6)","line":45,"loc":{"start":{"line":45,"column":17},"end":{"line":45,"column":36}}},"7":{"name":"(anonymous_7)","line":49,"loc":{"start":{"line":49,"column":38},"end":{"line":49,"column":62}}},"8":{"name":"(anonymous_8)","line":61,"loc":{"start":{"line":61,"column":36},"end":{"line":61,"column":55}}},"9":{"name":"(anonymous_9)","line":66,"loc":{"start":{"line":66,"column":36},"end":{"line":66,"column":47}}},"10":{"name":"(anonymous_10)","line":106,"loc":{"start":{"line":106,"column":39},"end":{"line":106,"column":50}}},"11":{"name":"(anonymous_11)","line":115,"loc":{"start":{"line":115,"column":40},"end":{"line":115,"column":51}}},"12":{"name":"TicTacToeAIPlayer","line":129,"loc":{"start":{"line":129,"column":2},"end":{"line":129,"column":30}}},"13":{"name":"(anonymous_13)","line":131,"loc":{"start":{"line":131,"column":43},"end":{"line":131,"column":69}}},"14":{"name":"(anonymous_14)","line":136,"loc":{"start":{"line":136,"column":41},"end":{"line":136,"column":51}}},"15":{"name":"(anonymous_15)","line":167,"loc":{"start":{"line":167,"column":39},"end":{"line":167,"column":64}}},"16":{"name":"(anonymous_16)","line":193,"loc":{"start":{"line":193,"column":47},"end":{"line":193,"column":64}}},"17":{"name":"TicTacToeWinner","line":204,"loc":{"start":{"line":204,"column":2},"end":{"line":204,"column":42}}}},"statementMap":{"1":{"start":{"line":1,"column":1},"end":{"line":221,"column":7}},"2":{"start":{"line":4,"column":2},"end":{"line":8,"column":3}},"3":{"start":{"line":9,"column":2},"end":{"line":9,"column":56}},"4":{"start":{"line":11,"column":2},"end":{"line":14,"column":3}},"5":{"start":{"line":12,"column":4},"end":{"line":12,"column":15}},"6":{"start":{"line":13,"column":4},"end":{"line":13,"column":15}},"7":{"start":{"line":18,"column":2},"end":{"line":27,"column":3}},"8":{"start":{"line":19,"column":4},"end":{"line":19,"column":20}},"9":{"start":{"line":20,"column":2},"end":{"line":26,"column":3}},"10":{"start":{"line":21,"column":6},"end":{"line":25,"column":7}},"11":{"start":{"line":22,"column":8},"end":{"line":22,"column":33}},"12":{"start":{"line":24,"column":8},"end":{"line":24,"column":35}},"13":{"start":{"line":29,"column":2},"end":{"line":37,"column":3}},"14":{"start":{"line":30,"column":4},"end":{"line":36,"column":5}},"15":{"start":{"line":31,"column":6},"end":{"line":31,"column":20}},"16":{"start":{"line":32,"column":11},"end":{"line":36,"column":5}},"17":{"start":{"line":33,"column":6},"end":{"line":33,"column":20}},"18":{"start":{"line":35,"column":6},"end":{"line":35,"column":24}},"19":{"start":{"line":38,"column":2},"end":{"line":44,"column":3}},"20":{"start":{"line":40,"column":4},"end":{"line":40,"column":36}},"21":{"start":{"line":41,"column":4},"end":{"line":41,"column":21}},"22":{"start":{"line":42,"column":4},"end":{"line":42,"column":43}},"23":{"start":{"line":43,"column":4},"end":{"line":43,"column":17}},"24":{"start":{"line":45,"column":2},"end":{"line":47,"column":2}},"25":{"start":{"line":46,"column":2},"end":{"line":46,"column":43}},"26":{"start":{"line":49,"column":2},"end":{"line":59,"column":2}},"27":{"start":{"line":50,"column":2},"end":{"line":58,"column":3}},"28":{"start":{"line":51,"column":3},"end":{"line":55,"column":4}},"29":{"start":{"line":52,"column":4},"end":{"line":52,"column":44}},"30":{"start":{"line":54,"column":4},"end":{"line":54,"column":42}},"31":{"start":{"line":57,"column":3},"end":{"line":57,"column":44}},"32":{"start":{"line":61,"column":2},"end":{"line":63,"column":2}},"33":{"start":{"line":62,"column":2},"end":{"line":62,"column":40}},"34":{"start":{"line":66,"column":2},"end":{"line":104,"column":2}},"35":{"start":{"line":67,"column":2},"end":{"line":81,"column":4}},"36":{"start":{"line":83,"column":4},"end":{"line":83,"column":27}},"37":{"start":{"line":85,"column":2},"end":{"line":92,"column":3}},"38":{"start":{"line":86,"column":3},"end":{"line":91,"column":4}},"39":{"start":{"line":90,"column":4},"end":{"line":90,"column":81}},"40":{"start":{"line":97,"column":2},"end":{"line":100,"column":3}},"41":{"start":{"line":99,"column":3},"end":{"line":99,"column":48}},"42":{"start":{"line":103,"column":2},"end":{"line":103,"column":14}},"43":{"start":{"line":106,"column":2},"end":{"line":113,"column":2}},"44":{"start":{"line":107,"column":2},"end":{"line":111,"column":3}},"45":{"start":{"line":108,"column":3},"end":{"line":110,"column":4}},"46":{"start":{"line":109,"column":4},"end":{"line":109,"column":17}},"47":{"start":{"line":112,"column":2},"end":{"line":112,"column":14}},"48":{"start":{"line":115,"column":2},"end":{"line":127,"column":2}},"49":{"start":{"line":116,"column":2},"end":{"line":116,"column":17}},"50":{"start":{"line":117,"column":2},"end":{"line":125,"column":3}},"51":{"start":{"line":118,"column":3},"end":{"line":124,"column":4}},"52":{"start":{"line":119,"column":4},"end":{"line":119,"column":31}},"53":{"start":{"line":120,"column":4},"end":{"line":120,"column":30}},"54":{"start":{"line":121,"column":4},"end":{"line":123,"column":5}},"55":{"start":{"line":122,"column":5},"end":{"line":122,"column":19}},"56":{"start":{"line":126,"column":2},"end":{"line":126,"column":15}},"57":{"start":{"line":129,"column":2},"end":{"line":129,"column":32}},"58":{"start":{"line":131,"column":2},"end":{"line":134,"column":2}},"59":{"start":{"line":132,"column":2},"end":{"line":132,"column":19}},"60":{"start":{"line":133,"column":2},"end":{"line":133,"column":29}},"61":{"start":{"line":136,"column":2},"end":{"line":156,"column":4}},"62":{"start":{"line":137,"column":2},"end":{"line":137,"column":54}},"63":{"start":{"line":139,"column":2},"end":{"line":139,"column":16}},"64":{"start":{"line":140,"column":2},"end":{"line":140,"column":21}},"65":{"start":{"line":141,"column":2},"end":{"line":141,"column":22}},"66":{"start":{"line":142,"column":2},"end":{"line":142,"column":19}},"67":{"start":{"line":144,"column":2},"end":{"line":153,"column":3}},"68":{"start":{"line":145,"column":6},"end":{"line":145,"column":42}},"69":{"start":{"line":146,"column":3},"end":{"line":146,"column":40}},"70":{"start":{"line":147,"column":3},"end":{"line":147,"column":46}},"71":{"start":{"line":148,"column":3},"end":{"line":148,"column":84}},"72":{"start":{"line":149,"column":3},"end":{"line":152,"column":4}},"73":{"start":{"line":150,"column":4},"end":{"line":150,"column":26}},"74":{"start":{"line":151,"column":4},"end":{"line":151,"column":24}},"75":{"start":{"line":155,"column":2},"end":{"line":155,"column":18}},"76":{"start":{"line":167,"column":1},"end":{"line":191,"column":2}},"77":{"start":{"line":168,"column":2},"end":{"line":168,"column":20}},"78":{"start":{"line":169,"column":2},"end":{"line":169,"column":21}},"79":{"start":{"line":170,"column":2},"end":{"line":172,"column":3}},"80":{"start":{"line":171,"column":3},"end":{"line":171,"column":19}},"81":{"start":{"line":173,"column":2},"end":{"line":173,"column":30}},"82":{"start":{"line":174,"column":2},"end":{"line":176,"column":3}},"83":{"start":{"line":175,"column":3},"end":{"line":175,"column":43}},"84":{"start":{"line":178,"column":2},"end":{"line":178,"column":41}},"85":{"start":{"line":179,"column":2},"end":{"line":179,"column":16}},"86":{"start":{"line":180,"column":2},"end":{"line":180,"column":19}},"87":{"start":{"line":182,"column":2},"end":{"line":189,"column":3}},"88":{"start":{"line":183,"column":3},"end":{"line":183,"column":31}},"89":{"start":{"line":184,"column":3},"end":{"line":184,"column":53}},"90":{"start":{"line":185,"column":3},"end":{"line":185,"column":87}},"91":{"start":{"line":186,"column":3},"end":{"line":188,"column":4}},"92":{"start":{"line":187,"column":4},"end":{"line":187,"column":25}},"93":{"start":{"line":190,"column":2},"end":{"line":190,"column":29}},"94":{"start":{"line":193,"column":2},"end":{"line":201,"column":2}},"95":{"start":{"line":194,"column":2},"end":{"line":200,"column":3}},"96":{"start":{"line":195,"column":3},"end":{"line":195,"column":12}},"97":{"start":{"line":196,"column":9},"end":{"line":200,"column":3}},"98":{"start":{"line":197,"column":3},"end":{"line":197,"column":12}},"99":{"start":{"line":199,"column":3},"end":{"line":199,"column":13}},"100":{"start":{"line":204,"column":2},"end":{"line":207,"column":2}},"101":{"start":{"line":205,"column":2},"end":{"line":205,"column":19}},"102":{"start":{"line":206,"column":2},"end":{"line":206,"column":25}},"103":{"start":{"line":210,"column":2},"end":{"line":220,"column":3}},"104":{"start":{"line":211,"column":4},"end":{"line":214,"column":6}},"105":{"start":{"line":216,"column":4},"end":{"line":219,"column":6}}},"branchMap":{"1":{"line":21,"type":"if","locations":[{"start":{"line":21,"column":6},"end":{"line":21,"column":6}},{"start":{"line":21,"column":6},"end":{"line":21,"column":6}}]},"2":{"line":30,"type":"if","locations":[{"start":{"line":30,"column":4},"end":{"line":30,"column":4}},{"start":{"line":30,"column":4},"end":{"line":30,"column":4}}]},"3":{"line":32,"type":"if","locations":[{"start":{"line":32,"column":11},"end":{"line":32,"column":11}},{"start":{"line":32,"column":11},"end":{"line":32,"column":11}}]},"4":{"line":51,"type":"if","locations":[{"start":{"line":51,"column":3},"end":{"line":51,"column":3}},{"start":{"line":51,"column":3},"end":{"line":51,"column":3}}]},"5":{"line":57,"type":"binary-expr","locations":[{"start":{"line":57,"column":19},"end":{"line":57,"column":24}},{"start":{"line":57,"column":28},"end":{"line":57,"column":42}}]},"6":{"line":86,"type":"if","locations":[{"start":{"line":86,"column":3},"end":{"line":86,"column":3}},{"start":{"line":86,"column":3},"end":{"line":86,"column":3}}]},"7":{"line":86,"type":"binary-expr","locations":[{"start":{"line":86,"column":6},"end":{"line":86,"column":48}},{"start":{"line":87,"column":9},"end":{"line":87,"column":69}},{"start":{"line":88,"column":9},"end":{"line":88,"column":69}}]},"8":{"line":97,"type":"if","locations":[{"start":{"line":97,"column":2},"end":{"line":97,"column":2}},{"start":{"line":97,"column":2},"end":{"line":97,"column":2}}]},"9":{"line":108,"type":"if","locations":[{"start":{"line":108,"column":3},"end":{"line":108,"column":3}},{"start":{"line":108,"column":3},"end":{"line":108,"column":3}}]},"10":{"line":121,"type":"if","locations":[{"start":{"line":121,"column":4},"end":{"line":121,"column":4}},{"start":{"line":121,"column":4},"end":{"line":121,"column":4}}]},"11":{"line":149,"type":"if","locations":[{"start":{"line":149,"column":3},"end":{"line":149,"column":3}},{"start":{"line":149,"column":3},"end":{"line":149,"column":3}}]},"12":{"line":170,"type":"if","locations":[{"start":{"line":170,"column":2},"end":{"line":170,"column":2}},{"start":{"line":170,"column":2},"end":{"line":170,"column":2}}]},"13":{"line":174,"type":"if","locations":[{"start":{"line":174,"column":2},"end":{"line":174,"column":2}},{"start":{"line":174,"column":2},"end":{"line":174,"column":2}}]},"14":{"line":186,"type":"if","locations":[{"start":{"line":186,"column":3},"end":{"line":186,"column":3}},{"start":{"line":186,"column":3},"end":{"line":186,"column":3}}]},"15":{"line":194,"type":"if","locations":[{"start":{"line":194,"column":2},"end":{"line":194,"column":2}},{"start":{"line":194,"column":2},"end":{"line":194,"column":2}}]},"16":{"line":194,"type":"binary-expr","locations":[{"start":{"line":194,"column":6},"end":{"line":194,"column":21}},{"start":{"line":194,"column":27},"end":{"line":194,"column":48}}]},"17":{"line":196,"type":"if","locations":[{"start":{"line":196,"column":9},"end":{"line":196,"column":9}},{"start":{"line":196,"column":9},"end":{"line":196,"column":9}}]},"18":{"line":210,"type":"if","locations":[{"start":{"line":210,"column":2},"end":{"line":210,"column":2}},{"start":{"line":210,"column":2},"end":{"line":210,"column":2}}]},"19":{"line":210,"type":"binary-expr","locations":[{"start":{"line":210,"column":5},"end":{"line":210,"column":34}},{"start":{"line":210,"column":38},"end":{"line":210,"column":52}}]}}}}