TN:
SF:/Users/karim/Workspace/TicTacToeAI/spec/test-server.js
FN:1,(anonymous_1)
FN:7,(anonymous_2)
FN:11,(anonymous_3)
FN:17,(anonymous_4)
FN:22,(anonymous_5)
FN:26,(anonymous_6)
FNF:6
FNH:6
FNDA:1,(anonymous_1)
FNDA:1,(anonymous_2)
FNDA:3,(anonymous_3)
FNDA:1,(anonymous_4)
FNDA:1,(anonymous_5)
FNDA:1,(anonymous_6)
DA:1,1
DA:3,1
DA:4,1
DA:5,1
DA:7,1
DA:9,1
DA:10,1
DA:11,1
DA:12,3
DA:13,3
DA:14,3
DA:17,1
DA:18,1
DA:22,1
DA:23,1
DA:26,1
DA:27,1
DA:28,1
DA:29,1
DA:30,1
DA:31,1
LF:21
LH:21
BRF:0
BRH:0
end_of_record
TN:
SF:/Users/karim/Workspace/TicTacToeAI/src/tictactoe.js
FN:1,(anonymous_1)
FN:11,Location
FN:18,TicTacToeBoard
FN:29,(anonymous_4)
FN:38,(anonymous_5)
FN:45,(anonymous_6)
FN:49,(anonymous_7)
FN:61,(anonymous_8)
FN:66,(anonymous_9)
FN:106,(anonymous_10)
FN:115,(anonymous_11)
FN:129,TicTacToeAIPlayer
FN:131,(anonymous_13)
FN:136,(anonymous_14)
FN:167,(anonymous_15)
FN:193,(anonymous_16)
FN:204,TicTacToeWinner
FNF:17
FNH:16
FNDA:1,(anonymous_1)
FNDA:9,Location
FNDA:3,TicTacToeBoard
FNDA:4,(anonymous_4)
FNDA:4,(anonymous_5)
FNDA:17,(anonymous_6)
FNDA:4,(anonymous_7)
FNDA:13,(anonymous_8)
FNDA:4,(anonymous_9)
FNDA:0,(anonymous_10)
FNDA:1,(anonymous_11)
FNDA:3,TicTacToeAIPlayer
FNDA:3,(anonymous_13)
FNDA:1,(anonymous_14)
FNDA:4,(anonymous_15)
FNDA:4,(anonymous_16)
FNDA:4,TicTacToeWinner
DA:1,1
DA:4,1
DA:9,1
DA:11,1
DA:12,9
DA:13,9
DA:18,1
DA:19,3
DA:20,3
DA:21,27
DA:22,27
DA:24,0
DA:29,1
DA:30,4
DA:31,0
DA:32,4
DA:33,4
DA:35,0
DA:38,1
DA:40,4
DA:41,4
DA:42,4
DA:43,4
DA:45,1
DA:46,17
DA:49,1
DA:50,4
DA:51,4
DA:52,0
DA:54,4
DA:57,0
DA:61,1
DA:62,13
DA:66,1
DA:67,4
DA:83,4
DA:85,4
DA:86,24
DA:90,4
DA:97,0
DA:99,0
DA:103,0
DA:106,1
DA:107,0
DA:108,0
DA:109,0
DA:112,0
DA:115,1
DA:116,1
DA:117,1
DA:118,3
DA:119,9
DA:120,9
DA:121,9
DA:122,4
DA:126,1
DA:129,1
DA:131,1
DA:132,3
DA:133,3
DA:136,1
DA:137,1
DA:139,1
DA:140,1
DA:141,1
DA:142,1
DA:144,1
DA:145,4
DA:146,4
DA:147,4
DA:148,4
DA:149,4
DA:150,4
DA:151,4
DA:155,1
DA:167,1
DA:168,4
DA:169,4
DA:170,4
DA:171,4
DA:173,4
DA:174,4
DA:175,4
DA:178,0
DA:179,0
DA:180,0
DA:182,0
DA:183,0
DA:184,0
DA:185,0
DA:186,0
DA:187,0
DA:190,0
DA:193,1
DA:194,4
DA:195,0
DA:196,4
DA:197,4
DA:199,0
DA:204,1
DA:205,4
DA:206,4
DA:210,1
DA:211,1
DA:216,0
LF:105
LH:80
BRDA:21,1,0,27
BRDA:21,1,1,0
BRDA:30,2,0,0
BRDA:30,2,1,4
BRDA:32,3,0,4
BRDA:32,3,1,0
BRDA:51,4,0,0
BRDA:51,4,1,4
BRDA:57,5,0,0
BRDA:57,5,1,0
BRDA:86,6,0,4
BRDA:86,6,1,20
BRDA:86,7,0,24
BRDA:86,7,1,12
BRDA:86,7,2,8
BRDA:97,8,0,0
BRDA:97,8,1,0
BRDA:108,9,0,0
BRDA:108,9,1,0
BRDA:121,10,0,4
BRDA:121,10,1,5
BRDA:149,11,0,4
BRDA:149,11,1,0
BRDA:170,12,0,4
BRDA:170,12,1,0
BRDA:174,13,0,4
BRDA:174,13,1,0
BRDA:186,14,0,0
BRDA:186,14,1,0
BRDA:194,15,0,0
BRDA:194,15,1,4
BRDA:194,16,0,4
BRDA:194,16,1,4
BRDA:196,17,0,4
BRDA:196,17,1,0
BRDA:210,18,0,1
BRDA:210,18,1,0
BRDA:210,19,0,1
BRDA:210,19,1,1
BRF:39
BRH:21
end_of_record
